<?xml version="1.0" encoding="UTF-8"?>
<!-- Generated by org.testng.reporters.JUnitReportReporter -->
<testsuite hostname="Subharak" failures="0" tests="4" name="com.hybrid.api.test.UserTest" time="11.755" errors="0" timestamp="2023-04-23T04:46:06 IST" skipped="0">
  <testcase classname="com.hybrid.api.test.UserTest" name="testPostUser" time="5.106"/>
  <system-out/>
  <testcase classname="com.hybrid.api.test.UserTest" name="getUserByName" time="1.309"/>
  <system-out/>
  <testcase classname="com.hybrid.api.test.UserTest" name="updateUserByName" time="4.088"/>
  <system-out/>
  <testcase classname="com.hybrid.api.test.UserTest" name="deleteUserByName" time="1.252"/>
  <system-out/>
</testsuite> <!-- com.hybrid.api.test.UserTest -->
