<?xml version="1.0" encoding="UTF-8"?>
<!-- Generated by org.testng.reporters.JUnitReportReporter -->
<testsuite hostname="Subharak" failures="0" tests="9" name="com.hybrid.api.test.DDTests" time="18.941" errors="0" timestamp="2023-04-23T03:23:47 IST" skipped="0">
  <testcase classname="com.hybrid.api.test.DDTests" name="testPostUser" time="5.689"/>
  <system-out/>
  <testcase classname="com.hybrid.api.test.DDTests" name="testPostUser" time="1.457"/>
  <system-out/>
  <testcase classname="com.hybrid.api.test.DDTests" name="testPostUser" time="1.433"/>
  <system-out/>
  <testcase classname="com.hybrid.api.test.DDTests" name="testgetUserByName" time="1.462"/>
  <system-out/>
  <testcase classname="com.hybrid.api.test.DDTests" name="testgetUserByName" time="1.699"/>
  <system-out/>
  <testcase classname="com.hybrid.api.test.DDTests" name="testgetUserByName" time="1.536"/>
  <system-out/>
  <testcase classname="com.hybrid.api.test.DDTests" name="testDeleteUserByName" time="2.811"/>
  <system-out/>
  <testcase classname="com.hybrid.api.test.DDTests" name="testDeleteUserByName" time="1.433"/>
  <system-out/>
  <testcase classname="com.hybrid.api.test.DDTests" name="testDeleteUserByName" time="1.421"/>
  <system-out/>
</testsuite> <!-- com.hybrid.api.test.DDTests -->
