<?xml version="1.0" encoding="UTF-8"?>
<!-- Generated by org.testng.reporters.JUnitReportReporter -->
<testsuite hostname="Subharak" failures="0" tests="9" name="com.hybrid.api.test.DDTests" time="17.686" errors="0" timestamp="2023-04-23T05:20:03 IST" skipped="0">
  <testcase classname="com.hybrid.api.test.DDTests" name="testPostUser" time="1.303"/>
  <system-out/>
  <testcase classname="com.hybrid.api.test.DDTests" name="testPostUser" time="1.259"/>
  <system-out/>
  <testcase classname="com.hybrid.api.test.DDTests" name="testPostUser" time="6.939"/>
  <system-out/>
  <testcase classname="com.hybrid.api.test.DDTests" name="testgetUserByName" time="1.332"/>
  <system-out/>
  <testcase classname="com.hybrid.api.test.DDTests" name="testgetUserByName" time="1.467"/>
  <system-out/>
  <testcase classname="com.hybrid.api.test.DDTests" name="testgetUserByName" time="1.272"/>
  <system-out/>
  <testcase classname="com.hybrid.api.test.DDTests" name="testDeleteUserByName" time="1.323"/>
  <system-out/>
  <testcase classname="com.hybrid.api.test.DDTests" name="testDeleteUserByName" time="1.494"/>
  <system-out/>
  <testcase classname="com.hybrid.api.test.DDTests" name="testDeleteUserByName" time="1.297"/>
  <system-out/>
</testsuite> <!-- com.hybrid.api.test.DDTests -->
