<?xml version="1.0" encoding="UTF-8"?>
<!-- Generated by org.testng.reporters.JUnitReportReporter -->
<testsuite hostname="Subharak" failures="0" tests="4" name="com.hybrid.api.test.UserTest2" time="12.849" errors="0" timestamp="2023-04-23T05:31:41 IST" skipped="0">
  <testcase classname="com.hybrid.api.test.UserTest2" name="testPostUser" time="7.647"/>
  <system-out/>
  <testcase classname="com.hybrid.api.test.UserTest2" name="getUserByName" time="1.413"/>
  <system-out/>
  <testcase classname="com.hybrid.api.test.UserTest2" name="updateUserByName" time="2.548"/>
  <system-out/>
  <testcase classname="com.hybrid.api.test.UserTest2" name="deleteUserByName" time="1.241"/>
  <system-out/>
</testsuite> <!-- com.hybrid.api.test.UserTest2 -->
