<?xml version="1.0" encoding="UTF-8"?>
<!-- Generated by org.testng.reporters.JUnitReportReporter -->
<testsuite hostname="Subharak" failures="0" tests="4" name="com.hybrid.api.test.UserTest" time="6.396" errors="0" timestamp="2023-04-23T05:20:03 IST" skipped="0">
  <testcase classname="com.hybrid.api.test.UserTest" name="testPostUser" time="1.369"/>
  <system-out/>
  <testcase classname="com.hybrid.api.test.UserTest" name="getUserByName" time="1.260"/>
  <system-out/>
  <testcase classname="com.hybrid.api.test.UserTest" name="updateUserByName" time="2.458"/>
  <system-out/>
  <testcase classname="com.hybrid.api.test.UserTest" name="deleteUserByName" time="1.309"/>
  <system-out/>
</testsuite> <!-- com.hybrid.api.test.UserTest -->
